<?xml version="1.0" encoding="UTF-8"?>
<testsuite hostname="Kallol" name="com.mytest.webdriver.MyFirstTest" tests="2" failures="1" timestamp="29 Sep 2015 11:22:42 GMT" time="382.245" errors="0">
  <testcase name="anotherTest" time="234.334" classname="com.mytest.webdriver.MyFirstTest">
    <failure type="java.lang.AssertionError" message="title should start with MarketMover expected:&amp;lt;true&amp;gt; but was:&amp;lt;false&amp;gt;">
      <![CDATA[java.lang.AssertionError: title should start with MarketMover expected:<true> but was:<false>
	at com.mytest.webdriver.MyFirstTest.anotherTest(MyFirstTest.java:22)
	at org.apache.maven.surefire.testng.TestNGExecutor.run(TestNGExecutor.java:115)
	at org.apache.maven.surefire.testng.TestNGDirectoryTestSuite.executeSingleClass(TestNGDirectoryTestSuite.java:129)
	at org.apache.maven.surefire.testng.TestNGDirectoryTestSuite.execute(TestNGDirectoryTestSuite.java:113)
	at org.apache.maven.surefire.testng.TestNGProvider.invoke(TestNGProvider.java:111)
	at org.apache.maven.surefire.booter.ForkedBooter.invokeProviderInSameClassLoader(ForkedBooter.java:203)
	at org.apache.maven.surefire.booter.ForkedBooter.runSuitesInProcess(ForkedBooter.java:155)
	at org.apache.maven.surefire.booter.ForkedBooter.main(ForkedBooter.java:103)
... Removed 25 stack frames]]>
    </failure>
  </testcase>
  <testcase name="startDriver" time="147.897" classname="com.mytest.webdriver.MyFirstTest"/>
</testsuite>
