<?xml version="1.0" encoding="UTF-8"?>
<testng-results skipped="0" failed="0" total="1" passed="1">
  <reporter-output>
  </reporter-output>
  <suite name="Surefire suite" duration-ms="108741" started-at="2015-09-22T15:40:32Z" finished-at="2015-09-22T15:42:20Z">
    <groups>
    </groups>
    <test name="Surefire test" duration-ms="108741" started-at="2015-09-22T15:40:32Z" finished-at="2015-09-22T15:42:20Z">
      <class name="com.mytest.webdriver.MyFirstTest">
        <test-method status="PASS" signature="startDriver()" name="startDriver" duration-ms="108735" started-at="2015-09-22T15:40:32Z" finished-at="2015-09-22T15:42:20Z">
        </test-method>
      </class>
    </test>
  </suite>
</testng-results>
