<?xml version="1.0" encoding="UTF-8"?>
<testsuite name="com.mytest.webdriver.MyFirstTest" time="94.765" tests="2" errors="0" skipped="0" failures="1">
  <properties>
[...]
</properties>
  <testcase name="anotherTest" classname="com.mytest.webdriver.MyFirstTest" time="53.548">
    <failure message="title should start with MarketMover expected:&lt;true&gt; but was:&lt;false&gt;" type="java.lang.AssertionError"><![CDATA[java.lang.AssertionError: title should start with MarketMover expected:<true> but was:<false>
	at org.testng.Assert.fail(Assert.java:89)
	at org.testng.Assert.failNotEquals(Assert.java:489)
	at org.testng.Assert.assertTrue(Assert.java:37)
	at com.mytest.webdriver.MyFirstTest.anotherTest(MyFirstTest.java:22)
]]></failure>
    <system-out><![CDATA[Configuring TestNG with: TestNGMapConfigurator
]]></system-out>
  </testcase>
  <testcase name="startDriver" classname="com.mytest.webdriver.MyFirstTest" time="41.217"/>
</testsuite>